#
# There is insufficient memory for the Java Runtime Environment to continue.
# Native memory allocation (mmap) failed to map 61865984 bytes for committing reserved memory.
# Possible reasons:
#   The system is out of physical RAM or swap space
#   In 32 bit mode, the process size limit was hit
# Possible solutions:
#   Reduce memory load on the system
#   Increase physical memory or swap space
#   Check if swap backing store is full
#   Use 64 bit Java on a 64 bit OS
#   Decrease Java heap size (-Xmx/-Xms)
#   Decrease number of Java threads
#   Decrease Java thread stack sizes (-Xss)
#   Set larger code cache with -XX:ReservedCodeCacheSize=
# This output file may be truncated or incomplete.
#
#  Out of Memory Error (os_linux.cpp:2743), pid=6939, tid=0x00007f04dd412700
#
# JRE version: Java(TM) SE Runtime Environment (8.0_191-b12) (build 1.8.0_191-b12)
# Java VM: Java HotSpot(TM) 64-Bit Server VM (25.191-b12 mixed mode linux-amd64 compressed oops)
# Failed to write core dump. Core dumps have been disabled. To enable core dumping, try "ulimit -c unlimited" before starting Java again
#

---------------  T H R E A D  ---------------

Current thread (0x00007f04f4140800):  VMThread [stack: 0x00007f04dd313000,0x00007f04dd413000] [id=6945]

Stack: [0x00007f04dd313000,0x00007f04dd413000],  sp=0x00007f04dd411400,  free space=1017k
Native frames: (J=compiled Java code, j=interpreted, Vv=VM code, C=native code)
V  [libjvm.so+0xace425]  VMError::report_and_die()+0x2c5
V  [libjvm.so+0x4deb77]  report_vm_out_of_memory(char const*, int, unsigned long, VMErrorType, char const*)+0x67
V  [libjvm.so+0x90c570]  os::pd_commit_memory(char*, unsigned long, unsigned long, bool)+0x100
V  [libjvm.so+0x903eaf]  os::commit_memory(char*, unsigned long, unsigned long, bool)+0x1f
V  [libjvm.so+0x988346]  PSVirtualSpace::expand_by(unsigned long)+0x56
V  [libjvm.so+0x9895d8]  PSYoungGen::resize(unsigned long, unsigned long)+0xd8
V  [libjvm.so+0x985d66]  PSScavenge::invoke_no_policy()+0x1356
V  [libjvm.so+0x97e7d9]  PSParallelCompact::invoke(bool)+0x49
V  [libjvm.so+0x45c113]  CollectedHeap::collect_as_vm_thread(GCCause::Cause)+0x153
V  [libjvm.so+0xacf4b1]  VM_CollectForMetadataAllocation::doit()+0x161
V  [libjvm.so+0xad50f6]  VM_Operation::evaluate()+0x46
V  [libjvm.so+0xad347d]  VMThread::evaluate_operation(VM_Operation*) [clone .constprop.44]+0xcd
V  [libjvm.so+0xad3a3b]  VMThread::loop()+0x37b
V  [libjvm.so+0xad3de8]  VMThread::run()+0x78
V  [libjvm.so+0x909c92]  java_start(Thread*)+0x102

VM_Operation (0x00007f04d41cbf70): CollectForMetadataAllocation, mode: safepoint, requested by thread 0x00007f04f48d5000


---------------  P R O C E S S  ---------------

Java Threads: ( => current thread )
  0x00007f04f48d5000 JavaThread "background-preinit" [_thread_blocked, id=6961, stack(0x00007f04d40d1000,0x00007f04d41d2000)]
  0x00007f04a405e800 JavaThread "process reaper" daemon [_thread_blocked, id=6958, stack(0x00007f04d79fc000,0x00007f04d7a35000)]
  0x00007f04f4282800 JavaThread "surefire-forkedjvm-ping-30s" daemon [_thread_blocked, id=6955, stack(0x00007f04d7cf5000,0x00007f04d7df6000)]
  0x00007f04f426d800 JavaThread "surefire-forkedjvm-command-thread" daemon [_thread_in_native, id=6954, stack(0x00007f04dc039000,0x00007f04dc13a000)]
  0x00007f04f418a000 JavaThread "Service Thread" daemon [_thread_blocked, id=6952, stack(0x00007f04dc23b000,0x00007f04dc33c000)]
  0x00007f04f4186800 JavaThread "C1 CompilerThread2" daemon [_thread_blocked, id=6951, stack(0x00007f04dc33d000,0x00007f04dc43d000)]
  0x00007f04f4185000 JavaThread "C2 CompilerThread1" daemon [_thread_blocked, id=6950, stack(0x00007f04dc43e000,0x00007f04dc53e000)]
  0x00007f04f4182000 JavaThread "C2 CompilerThread0" daemon [_thread_blocked, id=6949, stack(0x00007f04dc53f000,0x00007f04dc63f000)]
  0x00007f04f4180800 JavaThread "Signal Dispatcher" daemon [_thread_blocked, id=6948, stack(0x00007f04dc63f000,0x00007f04dc740000)]
  0x00007f04f414c800 JavaThread "Finalizer" daemon [_thread_blocked, id=6947, stack(0x00007f04dd110000,0x00007f04dd211000)]
  0x00007f04f414a000 JavaThread "Reference Handler" daemon [_thread_blocked, id=6946, stack(0x00007f04dd211000,0x00007f04dd312000)]
  0x00007f04f400b000 JavaThread "main" [_thread_blocked, id=6940, stack(0x00007f04fb8f0000,0x00007f04fb9f0000)]

Other Threads:
=>0x00007f04f4140800 VMThread [stack: 0x00007f04dd313000,0x00007f04dd413000] [id=6945]
  0x00007f04f418f000 WatcherThread [stack: 0x00007f04dc13b000,0x00007f04dc23b000] [id=6953]

VM state:at safepoint (normal execution)

VM Mutex/Monitor currently owned by a thread:  ([mutex/lock_event])
[0x00007f04f4007930] Threads_lock - owner thread: 0x00007f04f4140800
[0x00007f04f4007e30] Heap_lock - owner thread: 0x00007f04f48d5000

Heap:
 PSYoungGen      total 69120K, used 4146K [0x00000000eb700000, 0x00000000f0200000, 0x0000000100000000)
  eden space 62464K, 0% used [0x00000000eb700000,0x00000000eb700000,0x00000000ef400000)
  from space 6656K, 62% used [0x00000000ef400000,0x00000000ef80c968,0x00000000efa80000)
  to   space 5632K, 0% used [0x00000000efa80000,0x00000000efa80000,0x00000000f0000000)
 ParOldGen       total 42496K, used 7168K [0x00000000c2400000, 0x00000000c4d80000, 0x00000000eb700000)
  object space 42496K, 16% used [0x00000000c2400000,0x00000000c2b00180,0x00000000c4d80000)
 Metaspace       used 20667K, capacity 21174K, committed 21248K, reserved 1067008K
  class space    used 2649K, capacity 2800K, committed 2816K, reserved 1048576K

Card table byte_map: [0x00007f04f83df000,0x00007f04f85ce000] byte_map_base: 0x00007f04f7dcd000

Marking Bits: (ParMarkBitMap*) 0x00007f04fad96d40
 Begin Bits: [0x00007f04de120000, 0x00007f04df090000)
 End Bits:   [0x00007f04df090000, 0x00007f04e0000000)

Polling page: 0x00007f04fba06000

CodeCache: size=245760Kb used=4816Kb max_used=4816Kb free=240943Kb
 bounds [0x00007f04e5000000, 0x00007f04e54c0000, 0x00007f04f4000000]
 total_blobs=1833 nmethods=1457 adapters=289
 compilation: enabled

Compilation events (10 events):
Event: 4.795 Thread 0x00007f04f4186800 nmethod 1453 0x00007f04e54b3450 code [0x00007f04e54b35c0, 0x00007f04e54b3830]
Event: 4.795 Thread 0x00007f04f4186800 1455       3       org.springframework.asm.ClassReader::readUtf (44 bytes)
Event: 4.795 Thread 0x00007f04f4186800 nmethod 1455 0x00007f04e54b3950 code [0x00007f04e54b3ae0, 0x00007f04e54b3f28]
Event: 4.797 Thread 0x00007f04f4186800 1456       3       org.springframework.asm.ClassReader::readUTF8 (23 bytes)
Event: 4.797 Thread 0x00007f04f4186800 nmethod 1456 0x00007f04e54b4290 code [0x00007f04e54b4420, 0x00007f04e54b4768]
Event: 4.798 Thread 0x00007f04f4185000 1457       4       org.springframework.asm.ClassReader::readUnsignedShort (26 bytes)
Event: 4.798 Thread 0x00007f04f4186800 1458       3       java.util.HashSet::contains (9 bytes)
Event: 4.798 Thread 0x00007f04f4186800 nmethod 1458 0x00007f04e54b4910 code [0x00007f04e54b4a80, 0x00007f04e54b4ca8]
Event: 4.798 Thread 0x00007f04f4186800 1459       3       org.springframework.core.annotation.AnnotationUtils::adaptValue (182 bytes)
Event: 4.799 Thread 0x00007f04f4186800 nmethod 1459 0x00007f04e54b4d50 code [0x00007f04e54b5000, 0x00007f04e54b65d8]

GC Heap History (10 events):
Event: 1.605 GC heap after
Heap after GC invocations=2 (full 0):
 PSYoungGen      total 18432K, used 2553K [0x00000000eb700000, 0x00000000ecb80000, 0x0000000100000000)
  eden space 15872K, 0% used [0x00000000eb700000,0x00000000eb700000,0x00000000ec680000)
  from space 2560K, 99% used [0x00000000ec900000,0x00000000ecb7e7b8,0x00000000ecb80000)
  to   space 2560K, 0% used [0x00000000ec680000,0x00000000ec680000,0x00000000ec900000)
 ParOldGen       total 42496K, used 929K [0x00000000c2400000, 0x00000000c4d80000, 0x00000000eb700000)
  object space 42496K, 2% used [0x00000000c2400000,0x00000000c24e84f0,0x00000000c4d80000)
 Metaspace       used 9225K, capacity 9386K, committed 9728K, reserved 1058816K
  class space    used 1092K, capacity 1171K, committed 1280K, reserved 1048576K
}
Event: 1.991 GC heap before
{Heap before GC invocations=3 (full 0):
 PSYoungGen      total 18432K, used 18425K [0x00000000eb700000, 0x00000000ecb80000, 0x0000000100000000)
  eden space 15872K, 100% used [0x00000000eb700000,0x00000000ec680000,0x00000000ec680000)
  from space 2560K, 99% used [0x00000000ec900000,0x00000000ecb7e7b8,0x00000000ecb80000)
  to   space 2560K, 0% used [0x00000000ec680000,0x00000000ec680000,0x00000000ec900000)
 ParOldGen       total 42496K, used 929K [0x00000000c2400000, 0x00000000c4d80000, 0x00000000eb700000)
  object space 42496K, 2% used [0x00000000c2400000,0x00000000c24e84f0,0x00000000c4d80000)
 Metaspace       used 10915K, capacity 11150K, committed 11392K, reserved 1058816K
  class space    used 1321K, capacity 1387K, committed 1408K, reserved 1048576K
Event: 1.998 GC heap after
Heap after GC invocations=3 (full 0):
 PSYoungGen      total 18432K, used 2548K [0x00000000eb700000, 0x00000000edb00000, 0x0000000100000000)
  eden space 15872K, 0% used [0x00000000eb700000,0x00000000eb700000,0x00000000ec680000)
  from space 2560K, 99% used [0x00000000ec680000,0x00000000ec8fd090,0x00000000ec900000)
  to   space 2560K, 0% used [0x00000000ed880000,0x00000000ed880000,0x00000000edb00000)
 ParOldGen       total 42496K, used 1859K [0x00000000c2400000, 0x00000000c4d80000, 0x00000000eb700000)
  object space 42496K, 4% used [0x00000000c2400000,0x00000000c25d0f58,0x00000000c4d80000)
 Metaspace       used 10915K, capacity 11150K, committed 11392K, reserved 1058816K
  class space    used 1321K, capacity 1387K, committed 1408K, reserved 1048576K
}
Event: 2.277 GC heap before
{Heap before GC invocations=4 (full 0):
 PSYoungGen      total 18432K, used 18420K [0x00000000eb700000, 0x00000000edb00000, 0x0000000100000000)
  eden space 15872K, 100% used [0x00000000eb700000,0x00000000ec680000,0x00000000ec680000)
  from space 2560K, 99% used [0x00000000ec680000,0x00000000ec8fd090,0x00000000ec900000)
  to   space 2560K, 0% used [0x00000000ed880000,0x00000000ed880000,0x00000000edb00000)
 ParOldGen       total 42496K, used 1859K [0x00000000c2400000, 0x00000000c4d80000, 0x00000000eb700000)
  object space 42496K, 4% used [0x00000000c2400000,0x00000000c25d0f58,0x00000000c4d80000)
 Metaspace       used 13147K, capacity 13468K, committed 13568K, reserved 1060864K
  class space    used 1612K, capacity 1728K, committed 1792K, reserved 1048576K
Event: 2.285 GC heap after
Heap after GC invocations=4 (full 0):
 PSYoungGen      total 34304K, used 2544K [0x00000000eb700000, 0x00000000edb00000, 0x0000000100000000)
  eden space 31744K, 0% used [0x00000000eb700000,0x00000000eb700000,0x00000000ed600000)
  from space 2560K, 99% used [0x00000000ed880000,0x00000000edafc010,0x00000000edb00000)
  to   space 2560K, 0% used [0x00000000ed600000,0x00000000ed600000,0x00000000ed880000)
 ParOldGen       total 42496K, used 3381K [0x00000000c2400000, 0x00000000c4d80000, 0x00000000eb700000)
  object space 42496K, 7% used [0x00000000c2400000,0x00000000c274d790,0x00000000c4d80000)
 Metaspace       used 13147K, capacity 13468K, committed 13568K, reserved 1060864K
  class space    used 1612K, capacity 1728K, committed 1792K, reserved 1048576K
}
Event: 2.632 GC heap before
{Heap before GC invocations=5 (full 0):
 PSYoungGen      total 34304K, used 34288K [0x00000000eb700000, 0x00000000edb00000, 0x0000000100000000)
  eden space 31744K, 100% used [0x00000000eb700000,0x00000000ed600000,0x00000000ed600000)
  from space 2560K, 99% used [0x00000000ed880000,0x00000000edafc010,0x00000000edb00000)
  to   space 2560K, 0% used [0x00000000ed600000,0x00000000ed600000,0x00000000ed880000)
 ParOldGen       total 42496K, used 3381K [0x00000000c2400000, 0x00000000c4d80000, 0x00000000eb700000)
  object space 42496K, 7% used [0x00000000c2400000,0x00000000c274d790,0x00000000c4d80000)
 Metaspace       used 15970K, capacity 16420K, committed 16640K, reserved 1062912K
  class space    used 2055K, capacity 2181K, committed 2304K, reserved 1048576K
Event: 2.656 GC heap after
Heap after GC invocations=5 (full 0):
 PSYoungGen      total 34304K, used 2544K [0x00000000eb700000, 0x00000000f0000000, 0x0000000100000000)
  eden space 31744K, 0% used [0x00000000eb700000,0x00000000eb700000,0x00000000ed600000)
  from space 2560K, 99% used [0x00000000ed600000,0x00000000ed87c010,0x00000000ed880000)
  to   space 5632K, 0% used [0x00000000efa80000,0x00000000efa80000,0x00000000f0000000)
 ParOldGen       total 42496K, used 6097K [0x00000000c2400000, 0x00000000c4d80000, 0x00000000eb700000)
  object space 42496K, 14% used [0x00000000c2400000,0x00000000c29f45e0,0x00000000c4d80000)
 Metaspace       used 15970K, capacity 16420K, committed 16640K, reserved 1062912K
  class space    used 2055K, capacity 2181K, committed 2304K, reserved 1048576K
}
Event: 3.290 GC heap before
{Heap before GC invocations=6 (full 0):
 PSYoungGen      total 34304K, used 34288K [0x00000000eb700000, 0x00000000f0000000, 0x0000000100000000)
  eden space 31744K, 100% used [0x00000000eb700000,0x00000000ed600000,0x00000000ed600000)
  from space 2560K, 99% used [0x00000000ed600000,0x00000000ed87c010,0x00000000ed880000)
  to   space 5632K, 0% used [0x00000000efa80000,0x00000000efa80000,0x00000000f0000000)
 ParOldGen       total 42496K, used 6097K [0x00000000c2400000, 0x00000000c4d80000, 0x00000000eb700000)
  object space 42496K, 14% used [0x00000000c2400000,0x00000000c29f45e0,0x00000000c4d80000)
 Metaspace       used 18673K, capacity 19172K, committed 19328K, reserved 1067008K
  class space    used 2452K, capacity 2601K, committed 2688K, reserved 1048576K
Event: 3.569 GC heap after
Heap after GC invocations=6 (full 0):
 PSYoungGen      total 68096K, used 5524K [0x00000000eb700000, 0x00000000f0200000, 0x0000000100000000)
  eden space 62464K, 0% used [0x00000000eb700000,0x00000000eb700000,0x00000000ef400000)
  from space 5632K, 98% used [0x00000000efa80000,0x00000000effe5308,0x00000000f0000000)
  to   space 6656K, 0% used [0x00000000ef400000,0x00000000ef400000,0x00000000efa80000)
 ParOldGen       total 42496K, used 6097K [0x00000000c2400000, 0x00000000c4d80000, 0x00000000eb700000)
  object space 42496K, 14% used [0x00000000c2400000,0x00000000c29f45e0,0x00000000c4d80000)
 Metaspace       used 18673K, capacity 19172K, committed 19328K, reserved 1067008K
  class space    used 2452K, capacity 2601K, committed 2688K, reserved 1048576K
}
Event: 4.805 GC heap before
{Heap before GC invocations=7 (full 0):
 PSYoungGen      total 68096K, used 20626K [0x00000000eb700000, 0x00000000f0200000, 0x0000000100000000)
  eden space 62464K, 24% used [0x00000000eb700000,0x00000000ec5bf790,0x00000000ef400000)
  from space 5632K, 98% used [0x00000000efa80000,0x00000000effe5308,0x00000000f0000000)
  to   space 6656K, 0% used [0x00000000ef400000,0x00000000ef400000,0x00000000efa80000)
 ParOldGen       total 42496K, used 6097K [0x00000000c2400000, 0x00000000c4d80000, 0x00000000eb700000)
  object space 42496K, 14% used [0x00000000c2400000,0x00000000c29f45e0,0x00000000c4d80000)
 Metaspace       used 20667K, capacity 21174K, committed 21248K, reserved 1067008K
  class space    used 2649K, capacity 2800K, committed 2816K, reserved 1048576K

Deoptimization events (10 events):
Event: 2.053 Thread 0x00007f04f400b000 Uncommon trap: reason=unstable_if action=reinterpret pc=0x00007f04e52e9128 method=java.util.HashMap.hash(Ljava/lang/Object;)I @ 1
Event: 2.163 Thread 0x00007f04f400b000 Uncommon trap: reason=unstable_if action=reinterpret pc=0x00007f04e528884c method=java.util.Properties$LineReader.readLine()I @ 105
Event: 2.360 Thread 0x00007f04f48d5000 Uncommon trap: reason=unstable_if action=reinterpret pc=0x00007f04e52918ec method=sun.net.www.ParseUtil.encodePath(Ljava/lang/String;Z)Ljava/lang/String; @ 109
Event: 2.451 Thread 0x00007f04f48d5000 Uncommon trap: reason=unstable_if action=reinterpret pc=0x00007f04e52f1014 method=sun.misc.MetaIndex.mayContain(Ljava/lang/String;)Z @ 38
Event: 2.473 Thread 0x00007f04f48d5000 Uncommon trap: reason=unstable_if action=reinterpret pc=0x00007f04e524b16c method=sun.misc.MetaIndex.mayContain(Ljava/lang/String;)Z @ 38
Event: 2.515 Thread 0x00007f04f400b000 Uncommon trap: reason=unstable_if action=reinterpret pc=0x00007f04e53d7cc4 method=java.util.concurrent.ConcurrentHashMap.addCount(JI)V @ 168
Event: 2.516 Thread 0x00007f04f48d5000 Uncommon trap: reason=unstable_if action=reinterpret pc=0x00007f04e53d7cc4 method=java.util.concurrent.ConcurrentHashMap.addCount(JI)V @ 168
Event: 2.560 Thread 0x00007f04f400b000 Uncommon trap: reason=unstable_if action=reinterpret pc=0x00007f04e53cd318 method=java.net.URL.<init>(Ljava/net/URL;Ljava/lang/String;Ljava/net/URLStreamHandler;)V @ 347
Event: 2.731 Thread 0x00007f04f400b000 Uncommon trap: reason=null_assert action=make_not_entrant pc=0x00007f04e53c68f0 method=java.util.zip.ZipEntry.<init>(Ljava/util/zip/ZipEntry;)V @ 70
Event: 2.929 Thread 0x00007f04f400b000 Uncommon trap: reason=unstable_if action=reinterpret pc=0x00007f04e52f882c method=java.util.HashMap.hash(Ljava/lang/Object;)I @ 1

Classes redefined (0 events):
No events

Internal exceptions (10 events):
Event: 3.812 Thread 0x00007f04f400b000 Exception <a 'java/lang/ClassNotFoundException': org/springframework/beans/factory/support/BeanDefinitionRegistryPostProcessorCustomizer> (0x00000000ebb8e2f0) thrown at [/HUDSON/workspace/8-2-build-linux-amd64/jdk8u191/11894/hotspot/src/share/vm/classfile
Event: 3.813 Thread 0x00007f04f400b000 Exception <a 'java/lang/ClassNotFoundException': org/springframework/beans/factory/config/BeanFactoryPostProcessorCustomizer> (0x00000000ebbac740) thrown at [/HUDSON/workspace/8-2-build-linux-amd64/jdk8u191/11894/hotspot/src/share/vm/classfile/systemDicti
Event: 3.814 Thread 0x00007f04f400b000 Exception <a 'java/lang/ClassNotFoundException': org/springframework/core/PriorityOrderedCustomizer> (0x00000000ebbc2fc0) thrown at [/HUDSON/workspace/8-2-build-linux-amd64/jdk8u191/11894/hotspot/src/share/vm/classfile/systemDictionary.cpp, line 210]
Event: 3.814 Thread 0x00007f04f400b000 Exception <a 'java/lang/ClassNotFoundException': org/springframework/core/OrderedCustomizer> (0x00000000ebbd66e8) thrown at [/HUDSON/workspace/8-2-build-linux-amd64/jdk8u191/11894/hotspot/src/share/vm/classfile/systemDictionary.cpp, line 210]
Event: 3.815 Thread 0x00007f04f400b000 Exception <a 'java/lang/ClassNotFoundException': org/springframework/context/ResourceLoaderAwareCustomizer> (0x00000000ebbef0b8) thrown at [/HUDSON/workspace/8-2-build-linux-amd64/jdk8u191/11894/hotspot/src/share/vm/classfile/systemDictionary.cpp, line 21
Event: 3.816 Thread 0x00007f04f400b000 Exception <a 'java/lang/ClassNotFoundException': org/springframework/beans/factory/AwareCustomizer> (0x00000000ebc8efb8) thrown at [/HUDSON/workspace/8-2-build-linux-amd64/jdk8u191/11894/hotspot/src/share/vm/classfile/systemDictionary.cpp, line 210]
Event: 3.816 Thread 0x00007f04f400b000 Exception <a 'java/lang/ClassNotFoundException': org/springframework/beans/factory/BeanClassLoaderAwareCustomizer> (0x00000000ebca8ee8) thrown at [/HUDSON/workspace/8-2-build-linux-amd64/jdk8u191/11894/hotspot/src/share/vm/classfile/systemDictionary.cpp, 
Event: 3.816 Thread 0x00007f04f400b000 Exception <a 'java/lang/ClassNotFoundException': org/springframework/beans/factory/AwareCustomizer> (0x00000000ebcbf9e0) thrown at [/HUDSON/workspace/8-2-build-linux-amd64/jdk8u191/11894/hotspot/src/share/vm/classfile/systemDictionary.cpp, line 210]
Event: 3.818 Thread 0x00007f04f400b000 Exception <a 'java/lang/ClassNotFoundException': org/springframework/context/EnvironmentAwareCustomizer> (0x00000000ebcd6a20) thrown at [/HUDSON/workspace/8-2-build-linux-amd64/jdk8u191/11894/hotspot/src/share/vm/classfile/systemDictionary.cpp, line 210]
Event: 3.820 Thread 0x00007f04f400b000 Exception <a 'java/lang/ClassNotFoundException': org/springframework/beans/factory/AwareCustomizer> (0x00000000ebced3f8) thrown at [/HUDSON/workspace/8-2-build-linux-amd64/jdk8u191/11894/hotspot/src/share/vm/classfile/systemDictionary.cpp, line 210]

Events (10 events):
Event: 4.799 loading class com/fasterxml/jackson/databind/node/JsonNodeFactory done
Event: 4.800 loading class com/fasterxml/jackson/databind/node/JsonNodeCreator
Event: 4.800 loading class com/fasterxml/jackson/databind/node/JsonNodeCreator done
Event: 4.801 loading class javax/persistence/Entity
Event: 4.801 loading class javax/persistence/Entity done
Event: 4.801 loading class com/fasterxml/jackson/databind/node/BinaryNode
Event: 4.801 loading class com/fasterxml/jackson/databind/node/BinaryNode done
Event: 4.803 loading class com/fasterxml/jackson/databind/node/NumericNode
Event: 4.803 loading class com/fasterxml/jackson/databind/node/NumericNode done
Event: 4.804 Executing VM operation: CollectForMetadataAllocation


Dynamic libraries:
00400000-00401000 r-xp 00000000 08:01 557397                             /usr/lib/jvm/java-8-oracle/jre/bin/java
00600000-00601000 r--p 00000000 08:01 557397                             /usr/lib/jvm/java-8-oracle/jre/bin/java
00601000-00602000 rw-p 00001000 08:01 557397                             /usr/lib/jvm/java-8-oracle/jre/bin/java
01765000-01786000 rw-p 00000000 00:00 0                                  [heap]
c2400000-c4d80000 rw-p 00000000 00:00 0 
c4d80000-eb700000 ---p 00000000 00:00 0 
eb700000-f0200000 rw-p 00000000 00:00 0 
f3d00000-100000000 ---p 00000000 00:00 0 
100000000-1002c0000 rw-p 00000000 00:00 0 
1002c0000-140000000 ---p 00000000 00:00 0 
7f0497a00000-7f0497c00000 rw-p 00000000 00:00 0 
7f0497c00000-7f0497e00000 rw-p 00000000 00:00 0 
7f0497e00000-7f0498000000 rw-p 00000000 00:00 0 
7f0498000000-7f0498021000 rw-p 00000000 00:00 0 
7f0498021000-7f049c000000 ---p 00000000 00:00 0 
7f049c000000-7f049c287000 rw-p 00000000 00:00 0 
7f049c287000-7f04a0000000 ---p 00000000 00:00 0 
7f04a0000000-7f04a0021000 rw-p 00000000 00:00 0 
7f04a0021000-7f04a4000000 ---p 00000000 00:00 0 
7f04a4000000-7f04a42a9000 rw-p 00000000 00:00 0 
7f04a42a9000-7f04a8000000 ---p 00000000 00:00 0 
7f04a8000000-7f04a8021000 rw-p 00000000 00:00 0 
7f04a8021000-7f04ac000000 ---p 00000000 00:00 0 
7f04ac000000-7f04ac021000 rw-p 00000000 00:00 0 
7f04ac021000-7f04b0000000 ---p 00000000 00:00 0 
7f04b0000000-7f04b04cf000 rw-p 00000000 00:00 0 
7f04b04cf000-7f04b4000000 ---p 00000000 00:00 0 
7f04b4000000-7f04b4388000 rw-p 00000000 00:00 0 
7f04b4388000-7f04b8000000 ---p 00000000 00:00 0 
7f04b8000000-7f04b8021000 rw-p 00000000 00:00 0 
7f04b8021000-7f04bc000000 ---p 00000000 00:00 0 
7f04bc000000-7f04bc413000 rw-p 00000000 00:00 0 
7f04bc413000-7f04c0000000 ---p 00000000 00:00 0 
7f04c0000000-7f04c0021000 rw-p 00000000 00:00 0 
7f04c0021000-7f04c4000000 ---p 00000000 00:00 0 
7f04c4000000-7f04c4021000 rw-p 00000000 00:00 0 
7f04c4021000-7f04c8000000 ---p 00000000 00:00 0 
7f04c8000000-7f04c8021000 rw-p 00000000 00:00 0 
7f04c8021000-7f04cc000000 ---p 00000000 00:00 0 
7f04cc000000-7f04cc29a000 rw-p 00000000 00:00 0 
7f04cc29a000-7f04d0000000 ---p 00000000 00:00 0 
7f04d0000000-7f04d0021000 rw-p 00000000 00:00 0 
7f04d0021000-7f04d4000000 ---p 00000000 00:00 0 
7f04d403b000-7f04d40d1000 r--s 0110e000 08:01 557507                     /usr/lib/jvm/java-8-oracle/jre/lib/ext/jfxrt.jar
7f04d40d1000-7f04d40d4000 ---p 00000000 00:00 0 
7f04d40d4000-7f04d43d2000 rw-p 00000000 00:00 0 
7f04d43d2000-7f04d73d3000 rw-p 00000000 00:00 0 
7f04d73d3000-7f04d73e9000 r-xp 00000000 08:01 557656                     /usr/lib/jvm/java-8-oracle/jre/lib/amd64/libnet.so
7f04d73e9000-7f04d75e8000 ---p 00016000 08:01 557656                     /usr/lib/jvm/java-8-oracle/jre/lib/amd64/libnet.so
7f04d75e8000-7f04d75e9000 r--p 00015000 08:01 557656                     /usr/lib/jvm/java-8-oracle/jre/lib/amd64/libnet.so
7f04d75e9000-7f04d75ea000 rw-p 00016000 08:01 557656                     /usr/lib/jvm/java-8-oracle/jre/lib/amd64/libnet.so
7f04d75ea000-7f04d75fb000 r-xp 00000000 08:01 557659                     /usr/lib/jvm/java-8-oracle/jre/lib/amd64/libnio.so
7f04d75fb000-7f04d77fa000 ---p 00011000 08:01 557659                     /usr/lib/jvm/java-8-oracle/jre/lib/amd64/libnio.so
7f04d77fa000-7f04d77fb000 r--p 00010000 08:01 557659                     /usr/lib/jvm/java-8-oracle/jre/lib/amd64/libnio.so
7f04d77fb000-7f04d77fc000 rw-p 00011000 08:01 557659                     /usr/lib/jvm/java-8-oracle/jre/lib/amd64/libnio.so
7f04d77fc000-7f04d79fc000 rw-p 00000000 00:00 0 
7f04d79fc000-7f04d79ff000 ---p 00000000 00:00 0 
7f04d79ff000-7f04d7a35000 rw-p 00000000 00:00 0 
7f04d7a35000-7f04d7a38000 r--s 00012000 08:01 18664                      /home/frix/.m2/repository/org/apache/maven/surefire/surefire-junit4/2.22.1/surefire-junit4-2.22.1.jar
7f04d7a38000-7f04d7a3c000 r--s 00025000 08:01 937519                     /home/frix/.m2/repository/org/xmlunit/xmlunit-core/2.6.2/xmlunit-core-2.6.2.jar
7f04d7a3c000-7f04d7a4a000 r--s 0008a000 08:01 937517                     /home/frix/.m2/repository/org/springframework/spring-test/5.1.2.RELEASE/spring-test-5.1.2.RELEASE.jar
7f04d7a4a000-7f04d7a4b000 r--s 00005000 08:01 937516                     /home/frix/.m2/repository/org/springframework/spring-jcl/5.1.2.RELEASE/spring-jcl-5.1.2.RELEASE.jar
7f04d7a4b000-7f04d7a63000 r--s 00123000 08:01 937506                     /home/frix/.m2/repository/org/springframework/spring-core/5.1.2.RELEASE/spring-core-5.1.2.RELEASE.jar
7f04d7a63000-7f04d7a64000 r--s 00004000 08:01 937514                     /home/frix/.m2/repository/com/vaadin/external/google/android-json/0.0.20131108.vaadin1/android-json-0.0.20131108.vaadin1.jar
7f04d7a64000-7f04d7a66000 r--s 00006000 08:01 937508                     /home/frix/.m2/repository/org/skyscreamer/jsonassert/1.5.0/jsonassert-1.5.0.jar
7f04d7a66000-7f04d7a67000 r--s 0000c000 08:01 937509                     /home/frix/.m2/repository/org/hamcrest/hamcrest-library/1.3/hamcrest-library-1.3.jar
7f04d7a67000-7f04d7a69000 r--s 00009000 08:01 937494                     /home/frix/.m2/repository/org/hamcrest/hamcrest-core/1.3/hamcrest-core-1.3.jar
7f04d7a69000-7f04d7a6b000 r--s 0000c000 08:01 937462                     /home/frix/.m2/repository/org/objenesis/objenesis/2.6/objenesis-2.6.jar
7f04d7a6b000-7f04d7a6d000 r--s 00009000 08:01 937477                     /home/frix/.m2/repository/net/bytebuddy/byte-buddy-agent/1.9.3/byte-buddy-agent-1.9.3.jar
7f04d7a6d000-7f04d7a7d000 r--s 0007a000 08:01 937410                     /home/frix/.m2/repository/org/mockito/mockito-core/2.23.0/mockito-core-2.23.0.jar
7f04d7a7d000-7f04d7ad8000 r--s 0038b000 08:01 937503                     /home/frix/.m2/repository/org/assertj/assertj-core/3.11.1/assertj-core-3.11.1.jar
7f04d7ad8000-7f04d7ae0000 r--s 00045000 08:01 937435                     /home/frix/.m2/repository/junit/junit/4.12/junit-4.12.jar
7f04d7ae0000-7f04d7ae2000 r--s 0000c000 08:01 937397                     /home/frix/.m2/repository/org/ow2/asm/asm/5.0.4/asm-5.0.4.jar
7f04d7ae2000-7f04d7ae4000 r--s 00006000 08:01 820498                     /home/frix/.m2/repository/net/minidev/accessors-smart/1.2/accessors-smart-1.2.jar
7f04d7ae4000-7f04d7ae7000 r--s 0001b000 08:01 820501                     /home/frix/.m2/repository/net/minidev/json-smart/2.3/json-smart-2.3.jar
7f04d7ae7000-7f04d7aed000 r--s 00031000 08:01 937382                     /home/frix/.m2/repository/com/jayway/jsonpath/json-path/2.4.0/json-path-2.4.0.jar
7f04d7aed000-7f04d7af4000 r--s 00024000 08:01 937495                     /home/frix/.m2/repository/org/springframework/boot/spring-boot-test-autoconfigure/2.1.0.RELEASE/spring-boot-test-autoconfigure-2.1.0.RELEASE.jar
7f04d7af4000-7f04d7af9000 r--s 0002c000 08:01 937405                     /home/frix/.m2/repository/org/springframework/boot/spring-boot-test/2.1.0.RELEASE/spring-boot-test-2.1.0.RELEASE.jar
7f04d7af9000-7f04d7afa000 r--s 00000000 08:01 937475                     /home/frix/.m2/repository/org/springframework/boot/spring-boot-starter-test/2.1.0.RELEASE/spring-boot-starter-test-2.1.0.RELEASE.jar
7f04d7afa000-7f04d7b11000 r--s 001f2000 08:01 937436                     /home/frix/.m2/repository/mysql/mysql-connector-java/8.0.13/mysql-connector-java-8.0.13.jar
7f04d7b11000-7f04d7b16000 r--s 00040000 08:01 937391                     /home/frix/.m2/repository/org/springframework/spring-expression/5.1.2.RELEASE/spring-expression-5.1.2.RELEASE.jar
7f04d7b16000-7f04d7b26000 r--s 000b4000 08:01 937469                     /home/frix/.m2/repository/org/springframework/spring-webmvc/5.1.2.RELEASE/spring-webmvc-5.1.2.RELEASE.jar
7f04d7b26000-7f04d7b42000 r--s 00134000 08:01 937388                     /home/frix/.m2/repository/org/springframework/spring-web/5.1.2.RELEASE/spring-web-5.1.2.RELEASE.jar
7f04d7b42000-7f04d7b47000 r--s 00012000 08:01 937481                     /home/frix/.m2/repository/javax/validation/validation-api/2.0.1.Final/validation-api-2.0.1.Final.jar
7f04d7b47000-7f04d7b64000 r--s 000fe000 08:01 937472                     /home/frix/.m2/repository/org/hibernate/validator/hibernate-validator/6.0.13.Final/hibernate-validator-6.0.13.Final.jar
7f04d7b64000-7f04d7b6a000 r--s 0003b000 08:01 937460                     /home/frix/.m2/repository/org/apache/tomcat/embed/tomcat-embed-websocket/9.0.12/tomcat-embed-websocket-9.0.12.jar
7f04d7b6a000-7f04d7b6f000 r--s 00039000 08:01 937449                     /home/frix/.m2/repository/org/apache/tomcat/embed/tomcat-embed-el/9.0.12/tomcat-embed-el-9.0.12.jar
7f04d7b6f000-7f04d7b99000 r--s 002e4000 08:01 820496                     /home/frix/.m2/repository/org/apache/tomcat/embed/tomcat-embed-core/9.0.12/tomcat-embed-core-9.0.12.jar
7f04d7b99000-7f04d7b9a000 r--s 00000000 08:01 937384                     /home/frix/.m2/repository/org/springframework/boot/spring-boot-starter-tomcat/2.1.0.RELEASE/spring-boot-starter-tomcat-2.1.0.RELEASE.jar
7f04d7b9a000-7f04d7b9c000 r--s 00001000 08:01 937466                     /home/frix/.m2/repository/com/fasterxml/jackson/module/jackson-module-parameter-names/2.9.7/jackson-module-parameter-names-2.9.7.jar
7f04d7b9c000-7f04d7b9f000 r--s 00016000 08:01 937465                     /home/frix/.m2/repository/com/fasterxml/jackson/datatype/jackson-datatype-jsr310/2.9.7/jackson-datatype-jsr310-2.9.7.jar
7f04d7b9f000-7f04d7ba1000 r--s 00007000 08:01 937450                     /home/frix/.m2/repository/com/fasterxml/jackson/datatype/jackson-datatype-jdk8/2.9.7/jackson-datatype-jdk8-2.9.7.jar
7f04d7ba1000-7f04d7ba5000 r--s 0004c000 08:01 937476                     /home/frix/.m2/repository/com/fasterxml/jackson/core/jackson-core/2.9.7/jackson-core-2.9.7.jar
7f04d7ba5000-7f04d7ba8000 r--s 0000e000 08:01 937473                     /home/frix/.m2/repository/com/fasterxml/jackson/core/jackson-annotations/2.9.0/jackson-annotations-2.9.0.jar
7f04d7ba8000-7f04d7bbb000 r--s 00137000 08:01 937445                     /home/frix/.m2/repository/com/fasterxml/jackson/core/jackson-databind/2.9.7/jackson-databind-2.9.7.jar
7f04d7bbb000-7f04d7bbc000 r--s 00000000 08:01 937461                     /home/frix/.m2/repository/org/springframework/boot/spring-boot-starter-json/2.1.0.RELEASE/spring-boot-starter-json-2.1.0.RELEASE.jar
7f04d7bbc000-7f04d7bc3000 r--s 00043000 08:01 937459                     /home/frix/.m2/repository/org/yaml/snakeyaml/1.23/snakeyaml-1.23.jar
7f04d7bc3000-7f04d7bc5000 r--s 00005000 08:01 937470                     /home/frix/.m2/repository/javax/annotation/javax.annotation-api/1.3.2/javax.annotation-api-1.3.2.jar
7f04d7bc5000-7f04d7bc7000 r--s 00000000 08:01 937454                     /home/frix/.m2/repository/org/slf4j/jul-to-slf4j/1.7.25/jul-to-slf4j-1.7.25.jar
7f04d7bc7000-7f04d7bcd000 r--s 0003b000 08:01 937452                     /home/frix/.m2/repository/org/apache/logging/log4j/log4j-api/2.11.1/log4j-api-2.11.1.jar
7f04d7bcd000-7f04d7bd8000 r--s 00069000 08:01 937399                     /home/frix/.m2/repository/ch/qos/logback/logback-core/1.2.3/logback-core-1.2.3.jar
7f04d7bd8000-7f04d7bde000 r--s 00041000 08:01 937443                     /home/frix/.m2/repository/ch/qos/logback/logback-classic/1.2.3/logback-classic-1.2.3.jar
7f04d7bde000-7f04d7c02000 r--s 00111000 08:01 937446                     /home/frix/.m2/repository/org/springframework/boot/spring-boot-autoconfigure/2.1.0.RELEASE/spring-boot-autoconfigure-2.1.0.RELEASE.jar
7f04d7c02000-7f04d7c18000 r--s 000d4000 08:01 937486                     /home/frix/.m2/repository/org/springframework/boot/spring-boot/2.1.0.RELEASE/spring-boot-2.1.0.RELEASE.jar
7f04d7c18000-7f04d7c24000 r--s 00098000 08:01 937487                     /home/frix/.m2/repository/org/springframework/spring-beans/5.1.2.RELEASE/spring-beans-5.1.2.RELEASE.jar
7f04d7c24000-7f04d7c2c000 r--s 00037000 08:01 937438                     /home/frix/.m2/repository/org/springframework/spring-tx/5.1.2.RELEASE/spring-tx-5.1.2.RELEASE.jar
7f04d7c2c000-7f04d7c72000 r--s 002d1000 08:01 820497                     /home/frix/.m2/repository/net/bytebuddy/byte-buddy/1.9.3/byte-buddy-1.9.3.jar
7f04d7c72000-7f04d7cf5000 r--s 00624000 08:01 937411                     /home/frix/.m2/repository/org/hibernate/hibernate-core/5.3.7.Final/hibernate-core-5.3.7.Final.jar
7f04d7cf5000-7f04d7cf8000 ---p 00000000 00:00 0 
7f04d7cf8000-7f04d7df6000 rw-p 00000000 00:00 0 
7f04d7df6000-7f04d7dfe000 r-xp 00000000 08:01 557664                     /usr/lib/jvm/java-8-oracle/jre/lib/amd64/libmanagement.so
7f04d7dfe000-7f04d7ffe000 ---p 00008000 08:01 557664                     /usr/lib/jvm/java-8-oracle/jre/lib/amd64/libmanagement.so
7f04d7ffe000-7f04d7fff000 r--p 00008000 08:01 557664                     /usr/lib/jvm/java-8-oracle/jre/lib/amd64/libmanagement.so
7f04d7fff000-7f04d8000000 rw-p 00009000 08:01 557664                     /usr/lib/jvm/java-8-oracle/jre/lib/amd64/libmanagement.so
7f04d8000000-7f04d8021000 rw-p 00000000 00:00 0 
7f04d8021000-7f04dc000000 ---p 00000000 00:00 0 
7f04dc000000-7f04dc002000 r--s 00003000 08:01 937422                     /home/frix/.m2/repository/org/apache/logging/log4j/log4j-to-slf4j/2.11.1/log4j-to-slf4j-2.11.1.jar
7f04dc002000-7f04dc003000 r--s 00000000 08:01 937387                     /home/frix/.m2/repository/org/springframework/boot/spring-boot-starter-logging/2.1.0.RELEASE/spring-boot-starter-logging-2.1.0.RELEASE.jar
7f04dc003000-7f04dc005000 r--s 0000a000 08:01 937427                     /home/frix/.m2/repository/org/springframework/spring-aspects/5.1.2.RELEASE/spring-aspects-5.1.2.RELEASE.jar
7f04dc005000-7f04dc007000 r--s 00009000 08:01 937424                     /home/frix/.m2/repository/org/slf4j/slf4j-api/1.7.25/slf4j-api-1.7.25.jar
7f04dc007000-7f04dc021000 r--s 000f3000 08:01 937426                     /home/frix/.m2/repository/org/springframework/spring-context/5.1.2.RELEASE/spring-context-5.1.2.RELEASE.jar
7f04dc021000-7f04dc039000 r--s 00104000 08:01 937407                     /home/frix/.m2/repository/org/springframework/data/spring-data-commons/2.1.2.RELEASE/spring-data-commons-2.1.2.RELEASE.jar
7f04dc039000-7f04dc03c000 ---p 00000000 00:00 0 
7f04dc03c000-7f04dc13a000 rw-p 00000000 00:00 0 
7f04dc13a000-7f04dc13b000 ---p 00000000 00:00 0 
7f04dc13b000-7f04dc23b000 rw-p 00000000 00:00 0 
7f04dc23b000-7f04dc23e000 ---p 00000000 00:00 0 
7f04dc23e000-7f04dc33c000 rw-p 00000000 00:00 0 
7f04dc33c000-7f04dc33d000 ---p 00000000 00:00 0 
7f04dc33d000-7f04dc340000 ---p 00000000 00:00 0 
7f04dc340000-7f04dc43d000 rw-p 00000000 00:00 0 
7f04dc43d000-7f04dc43e000 ---p 00000000 00:00 0 
7f04dc43e000-7f04dc441000 ---p 00000000 00:00 0 
7f04dc441000-7f04dc53e000 rw-p 00000000 00:00 0 
7f04dc53e000-7f04dc53f000 ---p 00000000 00:00 0 
7f04dc53f000-7f04dc542000 ---p 00000000 00:00 0 
7f04dc542000-7f04dc63f000 rw-p 00000000 00:00 0 
7f04dc63f000-7f04dc642000 ---p 00000000 00:00 0 
7f04dc642000-7f04dc740000 rw-p 00000000 00:00 0 
7f04dc740000-7f04dd110000 r--p 00000000 08:01 530830                     /usr/lib/locale/locale-archive
7f04dd110000-7f04dd113000 ---p 00000000 00:00 0 
7f04dd113000-7f04dd211000 rw-p 00000000 00:00 0 
7f04dd211000-7f04dd214000 ---p 00000000 00:00 0 
7f04dd214000-7f04dd312000 rw-p 00000000 00:00 0 
7f04dd312000-7f04dd313000 ---p 00000000 00:00 0 
7f04dd313000-7f04e0000000 rw-p 00000000 00:00 0 
7f04e0000000-7f04e0021000 rw-p 00000000 00:00 0 
7f04e0021000-7f04e4000000 ---p 00000000 00:00 0 
7f04e4000000-7f04e4001000 r--s 00000000 08:01 937490                     /home/frix/.m2/repository/org/springframework/boot/spring-boot-starter/2.1.0.RELEASE/spring-boot-starter-2.1.0.RELEASE.jar
7f04e4001000-7f04e4005000 r--s 0002d000 08:01 937429                     /home/frix/.m2/repository/org/springframework/spring-orm/5.1.2.RELEASE/spring-orm-5.1.2.RELEASE.jar
7f04e4005000-7f04e400d000 r--s 0004d000 08:01 937423                     /home/frix/.m2/repository/org/springframework/data/spring-data-jpa/2.1.2.RELEASE/spring-data-jpa-2.1.2.RELEASE.jar
7f04e400d000-7f04e4010000 r--s 00010000 08:01 937412                     /home/frix/.m2/repository/org/hibernate/common/hibernate-commons-annotations/5.0.4.Final/hibernate-commons-annotations-5.0.4.Final.jar
7f04e4010000-7f04e4015000 r--s 0004b000 08:01 937419                     /home/frix/.m2/repository/org/dom4j/dom4j/2.1.1/dom4j-2.1.1.jar
7f04e4015000-7f04e4017000 r--s 0000f000 08:01 820499                     /home/frix/.m2/repository/com/fasterxml/classmate/1.4.0/classmate-1.4.0.jar
7f04e4017000-7f04e401a000 r--s 0002b000 08:01 937415                     /home/frix/.m2/repository/org/jboss/jandex/2.0.5.Final/jandex-2.0.5.Final.jar
7f04e401a000-7f04e401f000 r--s 00068000 08:01 937413                     /home/frix/.m2/repository/antlr/antlr/2.7.7/antlr-2.7.7.jar
7f04e401f000-7f04e402a000 r--s 000b2000 08:01 937398                     /home/frix/.m2/repository/org/javassist/javassist/3.23.1-GA/javassist-3.23.1-GA.jar
7f04e402a000-7f04e4030000 r--s 00023000 08:01 937385                     /home/frix/.m2/repository/javax/persistence/javax.persistence-api/2.2/javax.persistence-api-2.2.jar
7f04e4030000-7f04e4032000 r--s 0000f000 08:01 937483                     /home/frix/.m2/repository/org/jboss/logging/jboss-logging/3.3.2.Final/jboss-logging-3.3.2.Final.jar
7f04e4032000-7f04e4034000 r--s 0000c000 08:01 937417                     /home/frix/.m2/repository/javax/activation/javax.activation-api/1.2.0/javax.activation-api-1.2.0.jar
7f04e4034000-7f04e4236000 rw-p 00000000 00:00 0 
7f04e4236000-7f04e4410000 r--s 03d6c000 08:01 557497                     /usr/lib/jvm/java-8-oracle/jre/lib/rt.jar
7f04e4410000-7f04e4dfe000 rw-p 00000000 00:00 0 
7f04e4dfe000-7f04e4dff000 ---p 00000000 00:00 0 
7f04e4dff000-7f04e4eff000 rw-p 00000000 00:00 0 
7f04e4eff000-7f04e4f00000 ---p 00000000 00:00 0 
7f04e4f00000-7f04e5000000 rw-p 00000000 00:00 0 
7f04e5000000-7f04e54c0000 rwxp 00000000 00:00 0 
7f04e54c0000-7f04f4000000 ---p 00000000 00:00 0 
7f04f4000000-7f04f49cb000 rw-p 00000000 00:00 0 
7f04f49cb000-7f04f8000000 ---p 00000000 00:00 0 
7f04f8000000-7f04f8004000 r--s 0001c000 08:01 937400                     /home/frix/.m2/repository/javax/xml/bind/jaxb-api/2.3.1/jaxb-api-2.3.1.jar
7f04f8004000-7f04f800e000 r--s 00059000 08:01 937431                     /home/frix/.m2/repository/org/springframework/spring-jdbc/5.1.2.RELEASE/spring-jdbc-5.1.2.RELEASE.jar
7f04f800e000-7f04f8012000 r--s 00020000 08:01 937381                     /home/frix/.m2/repository/com/zaxxer/HikariCP/3.2.0/HikariCP-3.2.0.jar
7f04f8012000-7f04f802b000 r--s 001de000 08:01 937430                     /home/frix/.m2/repository/org/aspectj/aspectjweaver/1.9.2/aspectjweaver-1.9.2.jar
7f04f802b000-7f04f8035000 r--s 00051000 08:01 937418                     /home/frix/.m2/repository/org/springframework/spring-aop/5.1.2.RELEASE/spring-aop-5.1.2.RELEASE.jar
7f04f8035000-7f04f803f000 r--s 00125000 08:01 820492                     /home/frix/.m2/repository/com/h2database/h2/1.3.156/h2-1.3.156.jar
7f04f803f000-7f04f8044000 r--s 00029000 08:01 10901                      /home/frix/.m2/repository/org/apache/maven/surefire/surefire-api/2.22.1/surefire-api-2.22.1.jar
7f04f8044000-7f04f8093000 rw-p 00000000 00:00 0 
7f04f8093000-7f04f8094000 ---p 00000000 00:00 0 
7f04f8094000-7f04f8194000 rw-p 00000000 00:00 0 
7f04f8194000-7f04f8195000 ---p 00000000 00:00 0 
7f04f8195000-7f04f82aa000 rw-p 00000000 00:00 0 
7f04f82aa000-7f04f83df000 ---p 00000000 00:00 0 
7f04f83df000-7f04f83f4000 rw-p 00000000 00:00 0 
7f04f83f4000-7f04f8528000 ---p 00000000 00:00 0 
7f04f8528000-7f04f854e000 rw-p 00000000 00:00 0 
7f04f854e000-7f04f85cd000 ---p 00000000 00:00 0 
7f04f85cd000-7f04f85e1000 rw-p 00000000 00:00 0 
7f04f85e1000-7f04f898e000 ---p 00000000 00:00 0 
7f04f898e000-7f04f89a8000 r-xp 00000000 08:01 557652                     /usr/lib/jvm/java-8-oracle/jre/lib/amd64/libzip.so
7f04f89a8000-7f04f8ba8000 ---p 0001a000 08:01 557652                     /usr/lib/jvm/java-8-oracle/jre/lib/amd64/libzip.so
7f04f8ba8000-7f04f8ba9000 r--p 0001a000 08:01 557652                     /usr/lib/jvm/java-8-oracle/jre/lib/amd64/libzip.so
7f04f8ba9000-7f04f8baa000 rw-p 0001b000 08:01 557652                     /usr/lib/jvm/java-8-oracle/jre/lib/amd64/libzip.so
7f04f8baa000-7f04f8bb5000 r-xp 00000000 08:01 137323                     /lib/x86_64-linux-gnu/libnss_files-2.27.so
7f04f8bb5000-7f04f8db4000 ---p 0000b000 08:01 137323                     /lib/x86_64-linux-gnu/libnss_files-2.27.so
7f04f8db4000-7f04f8db5000 r--p 0000a000 08:01 137323                     /lib/x86_64-linux-gnu/libnss_files-2.27.so
7f04f8db5000-7f04f8db6000 rw-p 0000b000 08:01 137323                     /lib/x86_64-linux-gnu/libnss_files-2.27.so
7f04f8db6000-7f04f8dbc000 rw-p 00000000 00:00 0 
7f04f8dbc000-7f04f8dd3000 r-xp 00000000 08:01 137317                     /lib/x86_64-linux-gnu/libnsl-2.27.so
7f04f8dd3000-7f04f8fd2000 ---p 00017000 08:01 137317                     /lib/x86_64-linux-gnu/libnsl-2.27.so
7f04f8fd2000-7f04f8fd3000 r--p 00016000 08:01 137317                     /lib/x86_64-linux-gnu/libnsl-2.27.so
7f04f8fd3000-7f04f8fd4000 rw-p 00017000 08:01 137317                     /lib/x86_64-linux-gnu/libnsl-2.27.so
7f04f8fd4000-7f04f8fd6000 rw-p 00000000 00:00 0 
7f04f8fd6000-7f04f8fe1000 r-xp 00000000 08:01 137334                     /lib/x86_64-linux-gnu/libnss_nis-2.27.so
7f04f8fe1000-7f04f91e0000 ---p 0000b000 08:01 137334                     /lib/x86_64-linux-gnu/libnss_nis-2.27.so
7f04f91e0000-7f04f91e1000 r--p 0000a000 08:01 137334                     /lib/x86_64-linux-gnu/libnss_nis-2.27.so
7f04f91e1000-7f04f91e2000 rw-p 0000b000 08:01 137334                     /lib/x86_64-linux-gnu/libnss_nis-2.27.so
7f04f91e2000-7f04f91ea000 r-xp 00000000 08:01 137319                     /lib/x86_64-linux-gnu/libnss_compat-2.27.so
7f04f91ea000-7f04f93ea000 ---p 00008000 08:01 137319                     /lib/x86_64-linux-gnu/libnss_compat-2.27.so
7f04f93ea000-7f04f93eb000 r--p 00008000 08:01 137319                     /lib/x86_64-linux-gnu/libnss_compat-2.27.so
7f04f93eb000-7f04f93ec000 rw-p 00009000 08:01 137319                     /lib/x86_64-linux-gnu/libnss_compat-2.27.so
7f04f93ec000-7f04f9419000 r-xp 00000000 08:01 557646                     /usr/lib/jvm/java-8-oracle/jre/lib/amd64/libjava.so
7f04f9419000-7f04f9618000 ---p 0002d000 08:01 557646                     /usr/lib/jvm/java-8-oracle/jre/lib/amd64/libjava.so
7f04f9618000-7f04f9619000 r--p 0002c000 08:01 557646                     /usr/lib/jvm/java-8-oracle/jre/lib/amd64/libjava.so
7f04f9619000-7f04f961b000 rw-p 0002d000 08:01 557646                     /usr/lib/jvm/java-8-oracle/jre/lib/amd64/libjava.so
7f04f961b000-7f04f9628000 r-xp 00000000 08:01 557651                     /usr/lib/jvm/java-8-oracle/jre/lib/amd64/libverify.so
7f04f9628000-7f04f9827000 ---p 0000d000 08:01 557651                     /usr/lib/jvm/java-8-oracle/jre/lib/amd64/libverify.so
7f04f9827000-7f04f9829000 r--p 0000c000 08:01 557651                     /usr/lib/jvm/java-8-oracle/jre/lib/amd64/libverify.so
7f04f9829000-7f04f982a000 rw-p 0000e000 08:01 557651                     /usr/lib/jvm/java-8-oracle/jre/lib/amd64/libverify.so
7f04f982a000-7f04f9831000 r-xp 00000000 08:01 137374                     /lib/x86_64-linux-gnu/librt-2.27.so
7f04f9831000-7f04f9a30000 ---p 00007000 08:01 137374                     /lib/x86_64-linux-gnu/librt-2.27.so
7f04f9a30000-7f04f9a31000 r--p 00006000 08:01 137374                     /lib/x86_64-linux-gnu/librt-2.27.so
7f04f9a31000-7f04f9a32000 rw-p 00007000 08:01 137374                     /lib/x86_64-linux-gnu/librt-2.27.so
7f04f9a32000-7f04f9bcf000 r-xp 00000000 08:01 137296                     /lib/x86_64-linux-gnu/libm-2.27.so
7f04f9bcf000-7f04f9dce000 ---p 0019d000 08:01 137296                     /lib/x86_64-linux-gnu/libm-2.27.so
7f04f9dce000-7f04f9dcf000 r--p 0019c000 08:01 137296                     /lib/x86_64-linux-gnu/libm-2.27.so
7f04f9dcf000-7f04f9dd0000 rw-p 0019d000 08:01 137296                     /lib/x86_64-linux-gnu/libm-2.27.so
7f04f9dd0000-7f04faab2000 r-xp 00000000 08:01 557674                     /usr/lib/jvm/java-8-oracle/jre/lib/amd64/server/libjvm.so
7f04faab2000-7f04facb2000 ---p 00ce2000 08:01 557674                     /usr/lib/jvm/java-8-oracle/jre/lib/amd64/server/libjvm.so
7f04facb2000-7f04fad48000 r--p 00ce2000 08:01 557674                     /usr/lib/jvm/java-8-oracle/jre/lib/amd64/server/libjvm.so
7f04fad48000-7f04fad79000 rw-p 00d78000 08:01 557674                     /usr/lib/jvm/java-8-oracle/jre/lib/amd64/server/libjvm.so
7f04fad79000-7f04fadb4000 rw-p 00000000 00:00 0 
7f04fadb4000-7f04faf9b000 r-xp 00000000 08:01 137233                     /lib/x86_64-linux-gnu/libc-2.27.so
7f04faf9b000-7f04fb19b000 ---p 001e7000 08:01 137233                     /lib/x86_64-linux-gnu/libc-2.27.so
7f04fb19b000-7f04fb19f000 r--p 001e7000 08:01 137233                     /lib/x86_64-linux-gnu/libc-2.27.so
7f04fb19f000-7f04fb1a1000 rw-p 001eb000 08:01 137233                     /lib/x86_64-linux-gnu/libc-2.27.so
7f04fb1a1000-7f04fb1a5000 rw-p 00000000 00:00 0 
7f04fb1a5000-7f04fb1a8000 r-xp 00000000 08:01 137256                     /lib/x86_64-linux-gnu/libdl-2.27.so
7f04fb1a8000-7f04fb3a7000 ---p 00003000 08:01 137256                     /lib/x86_64-linux-gnu/libdl-2.27.so
7f04fb3a7000-7f04fb3a8000 r--p 00002000 08:01 137256                     /lib/x86_64-linux-gnu/libdl-2.27.so
7f04fb3a8000-7f04fb3a9000 rw-p 00003000 08:01 137256                     /lib/x86_64-linux-gnu/libdl-2.27.so
7f04fb3a9000-7f04fb3c0000 r-xp 00000000 08:01 557670                     /usr/lib/jvm/java-8-oracle/jre/lib/amd64/jli/libjli.so
7f04fb3c0000-7f04fb5bf000 ---p 00017000 08:01 557670                     /usr/lib/jvm/java-8-oracle/jre/lib/amd64/jli/libjli.so
7f04fb5bf000-7f04fb5c0000 r--p 00016000 08:01 557670                     /usr/lib/jvm/java-8-oracle/jre/lib/amd64/jli/libjli.so
7f04fb5c0000-7f04fb5c1000 rw-p 00017000 08:01 557670                     /usr/lib/jvm/java-8-oracle/jre/lib/amd64/jli/libjli.so
7f04fb5c1000-7f04fb5db000 r-xp 00000000 08:01 137366                     /lib/x86_64-linux-gnu/libpthread-2.27.so
7f04fb5db000-7f04fb7da000 ---p 0001a000 08:01 137366                     /lib/x86_64-linux-gnu/libpthread-2.27.so
7f04fb7da000-7f04fb7db000 r--p 00019000 08:01 137366                     /lib/x86_64-linux-gnu/libpthread-2.27.so
7f04fb7db000-7f04fb7dc000 rw-p 0001a000 08:01 137366                     /lib/x86_64-linux-gnu/libpthread-2.27.so
7f04fb7dc000-7f04fb7e0000 rw-p 00000000 00:00 0 
7f04fb7e0000-7f04fb807000 r-xp 00000000 08:01 137205                     /lib/x86_64-linux-gnu/ld-2.27.so
7f04fb807000-7f04fb808000 r--s 00000000 08:01 937439                     /home/frix/.m2/repository/org/springframework/boot/spring-boot-starter-web/2.1.0.RELEASE/spring-boot-starter-web-2.1.0.RELEASE.jar
7f04fb808000-7f04fb809000 r--s 00006000 08:01 937403                     /home/frix/.m2/repository/javax/transaction/javax.transaction-api/1.3/javax.transaction-api-1.3.jar
7f04fb809000-7f04fb80a000 r--s 00000000 08:01 937389                     /home/frix/.m2/repository/org/springframework/boot/spring-boot-starter-jdbc/2.1.0.RELEASE/spring-boot-starter-jdbc-2.1.0.RELEASE.jar
7f04fb80a000-7f04fb8ef000 rw-p 00000000 00:00 0 
7f04fb8ef000-7f04fb8f0000 ---p 00000000 00:00 0 
7f04fb8f0000-7f04fb8f3000 ---p 00000000 00:00 0 
7f04fb8f3000-7f04fb9f4000 rw-p 00000000 00:00 0 
7f04fb9f4000-7f04fb9f5000 r--s 00000000 08:01 937377                     /home/frix/.m2/repository/org/springframework/boot/spring-boot-starter-aop/2.1.0.RELEASE/spring-boot-starter-aop-2.1.0.RELEASE.jar
7f04fb9f5000-7f04fb9f6000 r--s 00000000 08:01 820491                     /home/frix/.m2/repository/org/springframework/boot/spring-boot-starter-data-jpa/2.1.0.RELEASE/spring-boot-starter-data-jpa-2.1.0.RELEASE.jar
7f04fb9f6000-7f04fb9f8000 r--s 00002000 08:01 10903                      /home/frix/.m2/repository/org/apache/maven/surefire/surefire-logger-api/2.22.1/surefire-logger-api-2.22.1.jar
7f04fb9f8000-7f04fb9fc000 r--s 0003f000 08:01 10907                      /home/frix/.m2/repository/org/apache/maven/surefire/surefire-booter/2.22.1/surefire-booter-2.22.1.jar
7f04fb9fc000-7f04fb9fd000 r--s 00002000 08:01 821625                     /home/frix/dev_directory/testTpQuality/target/surefire/surefirebooter1412632866322099094.jar
7f04fb9fd000-7f04fba05000 rw-s 00000000 08:01 414201                     /tmp/hsperfdata_frix/6939
7f04fba05000-7f04fba06000 rw-p 00000000 00:00 0 
7f04fba06000-7f04fba07000 ---p 00000000 00:00 0 
7f04fba07000-7f04fba08000 r--p 00027000 08:01 137205                     /lib/x86_64-linux-gnu/ld-2.27.so
7f04fba08000-7f04fba09000 rw-p 00028000 08:01 137205                     /lib/x86_64-linux-gnu/ld-2.27.so
7f04fba09000-7f04fba0a000 rw-p 00000000 00:00 0 
7ffc2a76c000-7ffc2a78d000 rw-p 00000000 00:00 0                          [stack]
7ffc2a7b0000-7ffc2a7b3000 r--p 00000000 00:00 0                          [vvar]
7ffc2a7b3000-7ffc2a7b5000 r-xp 00000000 00:00 0                          [vdso]
ffffffffff600000-ffffffffff601000 r-xp 00000000 00:00 0                  [vsyscall]

VM Arguments:
java_command: /home/frix/dev_directory/testTpQuality/target/surefire/surefirebooter1412632866322099094.jar /home/frix/dev_directory/testTpQuality/target/surefire 2018-12-07T12-06-39_402-jvmRun1 surefire2347484306803766988tmp surefire_01584395230352345002tmp
java_class_path (initial): /home/frix/dev_directory/testTpQuality/target/surefire/surefirebooter1412632866322099094.jar
Launcher Type: SUN_STANDARD

Environment Variables:
PATH=/usr/local/sbin:/usr/local/bin:/usr/sbin:/usr/bin:/sbin:/bin:/usr/games:/usr/local/games:/snap/bin
USERNAME=frix
SHELL=/bin/bash
DISPLAY=:0

Signal Handlers:
SIGSEGV: [libjvm.so+0xaced60], sa_mask[0]=11111111011111111101111111111110, sa_flags=SA_RESTART|SA_SIGINFO
SIGBUS: [libjvm.so+0xaced60], sa_mask[0]=11111111011111111101111111111110, sa_flags=SA_RESTART|SA_SIGINFO
SIGFPE: [libjvm.so+0x907ca0], sa_mask[0]=11111111011111111101111111111110, sa_flags=SA_RESTART|SA_SIGINFO
SIGPIPE: [libjvm.so+0x907ca0], sa_mask[0]=11111111011111111101111111111110, sa_flags=SA_RESTART|SA_SIGINFO
SIGXFSZ: [libjvm.so+0x907ca0], sa_mask[0]=11111111011111111101111111111110, sa_flags=SA_RESTART|SA_SIGINFO
SIGILL: [libjvm.so+0x907ca0], sa_mask[0]=11111111011111111101111111111110, sa_flags=SA_RESTART|SA_SIGINFO
SIGUSR1: SIG_DFL, sa_mask[0]=00000000000000000000000000000000, sa_flags=none
SIGUSR2: [libjvm.so+0x907b70], sa_mask[0]=00100000000000000000000000000000, sa_flags=SA_RESTART|SA_SIGINFO
SIGHUP: [libjvm.so+0x908190], sa_mask[0]=11111111011111111101111111111110, sa_flags=SA_RESTART|SA_SIGINFO
SIGINT: [libjvm.so+0x908190], sa_mask[0]=11111111011111111101111111111110, sa_flags=SA_RESTART|SA_SIGINFO
SIGTERM: [libjvm.so+0x908190], sa_mask[0]=11111111011111111101111111111110, sa_flags=SA_RESTART|SA_SIGINFO
SIGQUIT: [libjvm.so+0x908190], sa_mask[0]=11111111011111111101111111111110, sa_flags=SA_RESTART|SA_SIGINFO


---------------  S Y S T E M  ---------------

OS:DISTRIB_ID=Ubuntu
DISTRIB_RELEASE=18.04
DISTRIB_CODENAME=bionic
DISTRIB_DESCRIPTION="Ubuntu 18.04.1 LTS"

uname:Linux 4.15.0-42-generic #45-Ubuntu SMP Thu Nov 15 19:32:57 UTC 2018 x86_64
libc:glibc 2.27 NPTL 2.27 
rlimit: STACK 8192k, CORE 0k, NPROC 15541, NOFILE 1048576, AS infinity
load average:1.63 0.97 0.97

/proc/meminfo:
MemTotal:        4039168 kB
MemFree:          101888 kB
MemAvailable:      21140 kB
Buffers:            1456 kB
Cached:           153532 kB
SwapCached:         4500 kB
Active:          2889996 kB
Inactive:         792540 kB
Active(anon):    2877160 kB
Inactive(anon):   776120 kB
Active(file):      12836 kB
Inactive(file):    16420 kB
Unevictable:          16 kB
Mlocked:              16 kB
SwapTotal:        744284 kB
SwapFree:              0 kB
Dirty:                48 kB
Writeback:             0 kB
AnonPages:       3523940 kB
Mapped:           147924 kB
Shmem:            125412 kB
Slab:             123268 kB
SReclaimable:      46496 kB
SUnreclaim:        76772 kB
KernelStack:       15376 kB
PageTables:        55676 kB
NFS_Unstable:          0 kB
Bounce:                0 kB
WritebackTmp:          0 kB
CommitLimit:     2763868 kB
Committed_AS:    9724712 kB
VmallocTotal:   34359738367 kB
VmallocUsed:           0 kB
VmallocChunk:          0 kB
HardwareCorrupted:     0 kB
AnonHugePages:         0 kB
ShmemHugePages:        0 kB
ShmemPmdMapped:        0 kB
CmaTotal:              0 kB
CmaFree:               0 kB
HugePages_Total:       0
HugePages_Free:        0
HugePages_Rsvd:        0
HugePages_Surp:        0
Hugepagesize:       2048 kB
DirectMap4k:      202688 kB
DirectMap2M:     3991552 kB

container (cgroup) information:
container_type: cgroupv1
cpu_cpuset_cpus: 0-3
cpu_memory_nodes: 0
active_processor_count: 4
cpu_quota: -1
cpu_period: 100000
cpu_shares: -1
memory_limit_in_bytes: -1
memory_and_swap_limit_in_bytes: -2
memory_soft_limit_in_bytes: -1
memory_usage_in_bytes: 3516354560
memory_max_usage_in_bytes: 3517890560


CPU:total 4 (initial active 4) (4 cores per cpu, 1 threads per core) family 6 model 94 stepping 3, cmov, cx8, fxsr, mmx, sse, sse2, sse3, ssse3, sse4.1, sse4.2, popcnt, avx, avx2, aes, clmul, 3dnowpref, lzcnt, tsc, tscinvbit

/proc/cpuinfo:
processor	: 0
vendor_id	: GenuineIntel
cpu family	: 6
model		: 94
model name	: Intel(R) Core(TM) i7-6700HQ CPU @ 2.60GHz
stepping	: 3
cpu MHz		: 2592.000
cache size	: 6144 KB
physical id	: 0
siblings	: 4
core id		: 0
cpu cores	: 4
apicid		: 0
initial apicid	: 0
fpu		: yes
fpu_exception	: yes
cpuid level	: 22
wp		: yes
flags		: fpu vme de pse tsc msr pae mce cx8 apic sep mtrr pge mca cmov pat pse36 clflush mmx fxsr sse sse2 ht syscall nx rdtscp lm constant_tsc rep_good nopl xtopology nonstop_tsc cpuid pni pclmulqdq ssse3 cx16 pcid sse4_1 sse4_2 x2apic movbe popcnt aes xsave avx rdrand hypervisor lahf_lm abm 3dnowprefetch invpcid_single pti fsgsbase avx2 invpcid rdseed clflushopt
bugs		: cpu_meltdown spectre_v1 spectre_v2 spec_store_bypass l1tf
bogomips	: 5184.00
clflush size	: 64
cache_alignment	: 64
address sizes	: 39 bits physical, 48 bits virtual
power management:

processor	: 1
vendor_id	: GenuineIntel
cpu family	: 6
model		: 94
model name	: Intel(R) Core(TM) i7-6700HQ CPU @ 2.60GHz
stepping	: 3
cpu MHz		: 2592.000
cache size	: 6144 KB
physical id	: 0
siblings	: 4
core id		: 1
cpu cores	: 4
apicid		: 1
initial apicid	: 1
fpu		: yes
fpu_exception	: yes
cpuid level	: 22
wp		: yes
flags		: fpu vme de pse tsc msr pae mce cx8 apic sep mtrr pge mca cmov pat pse36 clflush mmx fxsr sse sse2 ht syscall nx rdtscp lm constant_tsc rep_good nopl xtopology nonstop_tsc cpuid pni pclmulqdq ssse3 cx16 pcid sse4_1 sse4_2 x2apic movbe popcnt aes xsave avx rdrand hypervisor lahf_lm abm 3dnowprefetch invpcid_single pti fsgsbase avx2 invpcid rdseed clflushopt
bugs		: cpu_meltdown spectre_v1 spectre_v2 spec_store_bypass l1tf
bogomips	: 5184.00
clflush size	: 64
cache_alignment	: 64
address sizes	: 39 bits physical, 48 bits virtual
power management:

processor	: 2
vendor_id	: GenuineIntel
cpu family	: 6
model		: 94
model name	: Intel(R) Core(TM) i7-6700HQ CPU @ 2.60GHz
stepping	: 3
cpu MHz		: 2592.000
cache size	: 6144 KB
physical id	: 0
siblings	: 4
core id		: 2
cpu cores	: 4
apicid		: 2
initial apicid	: 2
fpu		: yes
fpu_exception	: yes
cpuid level	: 22
wp		: yes
flags		: fpu vme de pse tsc msr pae mce cx8 apic sep mtrr pge mca cmov pat pse36 clflush mmx fxsr sse sse2 ht syscall nx rdtscp lm constant_tsc rep_good nopl xtopology nonstop_tsc cpuid pni pclmulqdq ssse3 cx16 pcid sse4_1 sse4_2 x2apic movbe popcnt aes xsave avx rdrand hypervisor lahf_lm abm 3dnowprefetch invpcid_single pti fsgsbase avx2 invpcid rdseed clflushopt
bugs		: cpu_meltdown spectre_v1 spectre_v2 spec_store_bypass l1tf
bogomips	: 5184.00
clflush size	: 64
cache_alignment	: 64
address sizes	: 39 bits physical, 48 bits virtual
power management:

processor	: 3
vendor_id	: GenuineIntel
cpu family	: 6
model		: 94
model name	: Intel(R) Core(TM) i7-6700HQ CPU @ 2.60GHz
stepping	: 3
cpu MHz		: 2592.000
cache size	: 6144 KB
physical id	: 0
siblings	: 4
core id		: 3
cpu cores	: 4
apicid		: 3
initial apicid	: 3
fpu		: yes
fpu_exception	: yes
cpuid level	: 22
wp		: yes
flags		: fpu vme de pse tsc msr pae mce cx8 apic sep mtrr pge mca cmov pat pse36 clflush mmx fxsr sse sse2 ht syscall nx rdtscp lm constant_tsc rep_good nopl xtopology nonstop_tsc cpuid pni pclmulqdq ssse3 cx16 pcid sse4_1 sse4_2 x2apic movbe popcnt aes xsave avx rdrand hypervisor lahf_lm abm 3dnowprefetch invpcid_single pti fsgsbase avx2 invpcid rdseed clflushopt
bugs		: cpu_meltdown spectre_v1 spectre_v2 spec_store_bypass l1tf
bogomips	: 5184.00
clflush size	: 64
cache_alignment	: 64
address sizes	: 39 bits physical, 48 bits virtual
power management:



Memory: 4k page, physical 4039168k(101888k free), swap 744284k(0k free)

vm_info: Java HotSpot(TM) 64-Bit Server VM (25.191-b12) for linux-amd64 JRE (1.8.0_191-b12), built on Oct  6 2018 05:43:09 by "java_re" with gcc 7.3.0

time: Fri Dec  7 12:06:44 2018
elapsed time: 4 seconds (0d 0h 0m 4s)

